# JRE version: OpenJDK Runtime Environment Temurin-17.0.11+9 (17.0.11+9) (build 17.0.11+9)
# Java VM: OpenJDK 64-Bit Server VM Temurin-17.0.11+9 (17.0.11+9, mixed mode, tiered, compressed oops, compressed class ptrs, parallel gc, windows-amd64)
GC Precious Log:
 CPUs: 8 total, 8 available
 Memory: 7886M
 Large Page Support: Disabled
 NUMA Support: Disabled
 Compressed Oops: Enabled (32-bit)
 Alignments: Space 512K, Generation 512K, Heap 2M
 Heap Min Capacity: 100M
 Heap Initial Capacity: 100M
 Heap Max Capacity: 1G
 Pre-touch: Disabled
 Parallel Workers: 8
Heap:
 PSYoungGen      total 200192K, used 50599K [0x00000000eab00000, 0x00000000f8a00000, 0x0000000100000000)
  eden space 180224K, 17% used [0x00000000eab00000,0x00000000ec962dd0,0x00000000f5b00000)
  from space 19968K, 97% used [0x00000000f6400000,0x00000000f77070a0,0x00000000f7780000)
  to   space 18944K, 0% used [0x00000000f7780000,0x00000000f7780000,0x00000000f8a00000)
 ParOldGen       total 480768K, used 402388K [0x00000000c0000000, 0x00000000dd580000, 0x00000000eab00000)
  object space 480768K, 83% used [0x00000000c0000000,0x00000000d88f5058,0x00000000dd580000)
 Metaspace       used 92863K, committed 94144K, reserved 1179648K
  class space    used 9056K, committed 9600K, reserved 1048576K
GC Heap History (20 events):
Event: 440699.696 GC heap before
{Heap before GC invocations=2265 (full 69):
 PSYoungGen      total 299008K, used 298997K [0x00000000eab00000, 0x00000000fee80000, 0x0000000100000000)
  eden space 272896K, 100% used [0x00000000eab00000,0x00000000fb580000,0x00000000fb580000)
  from space 26112K, 99% used [0x00000000fbd00000,0x00000000fd67d7c8,0x00000000fd680000)
  to   space 24576K, 0% used [0x00000000fd680000,0x00000000fd680000,0x00000000fee80000)
 ParOldGen       total 480768K, used 246862K [0x00000000c0000000, 0x00000000dd580000, 0x00000000eab00000)
  object space 480768K, 51% used [0x00000000c0000000,0x00000000cf1138c8,0x00000000dd580000)
 Metaspace       used 92655K, committed 93952K, reserved 1179648K
  class space    used 9053K, committed 9600K, reserved 1048576K
}
Event: 440699.809 GC heap after
{Heap after GC invocations=2265 (full 69):
 PSYoungGen      total 247808K, used 24551K [0x00000000eab00000, 0x0000000100000000, 0x0000000100000000)
  eden space 223232K, 0% used [0x00000000eab00000,0x00000000eab00000,0x00000000f8500000)
  from space 24576K, 99% used [0x00000000fd680000,0x00000000fee79dc8,0x00000000fee80000)
  to   space 62976K, 0% used [0x00000000f8500000,0x00000000f8500000,0x00000000fc280000)
 ParOldGen       total 480768K, used 279772K [0x00000000c0000000, 0x00000000dd580000, 0x00000000eab00000)
  object space 480768K, 58% used [0x00000000c0000000,0x00000000d1137088,0x00000000dd580000)
 Metaspace       used 92655K, committed 93952K, reserved 1179648K
  class space    used 9053K, committed 9600K, reserved 1048576K
}
Event: 440701.536 GC heap before
{Heap before GC invocations=2266 (full 69):
 PSYoungGen      total 247808K, used 247783K [0x00000000eab00000, 0x0000000100000000, 0x0000000100000000)
  eden space 223232K, 100% used [0x00000000eab00000,0x00000000f8500000,0x00000000f8500000)
  from space 24576K, 99% used [0x00000000fd680000,0x00000000fee79dc8,0x00000000fee80000)
  to   space 62976K, 0% used [0x00000000f8500000,0x00000000f8500000,0x00000000fc280000)
 ParOldGen       total 480768K, used 279772K [0x00000000c0000000, 0x00000000dd580000, 0x00000000eab00000)
  object space 480768K, 58% used [0x00000000c0000000,0x00000000d1137088,0x00000000dd580000)
 Metaspace       used 92730K, committed 94016K, reserved 1179648K
  class space    used 9055K, committed 9600K, reserved 1048576K
}
Event: 440701.605 GC heap after
{Heap after GC invocations=2266 (full 69):
 PSYoungGen      total 248832K, used 30844K [0x00000000eab00000, 0x00000000fd700000, 0x0000000100000000)
  eden space 217600K, 0% used [0x00000000eab00000,0x00000000eab00000,0x00000000f7f80000)
  from space 31232K, 98% used [0x00000000f8500000,0x00000000fa31f030,0x00000000fa380000)
  to   space 40448K, 0% used [0x00000000faf80000,0x00000000faf80000,0x00000000fd700000)
 ParOldGen       total 480768K, used 304443K [0x00000000c0000000, 0x00000000dd580000, 0x00000000eab00000)
  object space 480768K, 63% used [0x00000000c0000000,0x00000000d294ee28,0x00000000dd580000)
 Metaspace       used 92730K, committed 94016K, reserved 1179648K
  class space    used 9055K, committed 9600K, reserved 1048576K
}
Event: 440702.380 GC heap before
{Heap before GC invocations=2267 (full 69):
 PSYoungGen      total 248832K, used 248444K [0x00000000eab00000, 0x00000000fd700000, 0x0000000100000000)
  eden space 217600K, 100% used [0x00000000eab00000,0x00000000f7f80000,0x00000000f7f80000)
  from space 31232K, 98% used [0x00000000f8500000,0x00000000fa31f030,0x00000000fa380000)
  to   space 40448K, 0% used [0x00000000faf80000,0x00000000faf80000,0x00000000fd700000)
 ParOldGen       total 480768K, used 304443K [0x00000000c0000000, 0x00000000dd580000, 0x00000000eab00000)
  object space 480768K, 63% used [0x00000000c0000000,0x00000000d294ee28,0x00000000dd580000)
 Metaspace       used 92762K, committed 94080K, reserved 1179648K
  class space    used 9055K, committed 9600K, reserved 1048576K
}
Event: 440702.402 GC heap after
{Heap after GC invocations=2267 (full 69):
 PSYoungGen      total 252416K, used 39634K [0x00000000eab00000, 0x00000000fd680000, 0x0000000100000000)
  eden space 212480K, 0% used [0x00000000eab00000,0x00000000eab00000,0x00000000f7a80000)
  from space 39936K, 99% used [0x00000000faf80000,0x00000000fd6348e0,0x00000000fd680000)
  to   space 41472K, 0% used [0x00000000f8580000,0x00000000f8580000,0x00000000fae00000)
 ParOldGen       total 480768K, used 304451K [0x00000000c0000000, 0x00000000dd580000, 0x00000000eab00000)
  object space 480768K, 63% used [0x00000000c0000000,0x00000000d2950e28,0x00000000dd580000)
 Metaspace       used 92762K, committed 94080K, reserved 1179648K
  class space    used 9055K, committed 9600K, reserved 1048576K
}
Event: 440703.375 GC heap before
{Heap before GC invocations=2268 (full 69):
 PSYoungGen      total 252416K, used 251971K [0x00000000eab00000, 0x00000000fd680000, 0x0000000100000000)
  eden space 212480K, 99% used [0x00000000eab00000,0x00000000f7a5c6d0,0x00000000f7a80000)
  from space 39936K, 99% used [0x00000000faf80000,0x00000000fd6348e0,0x00000000fd680000)
  to   space 41472K, 0% used [0x00000000f8580000,0x00000000f8580000,0x00000000fae00000)
 ParOldGen       total 480768K, used 304451K [0x00000000c0000000, 0x00000000dd580000, 0x00000000eab00000)
  object space 480768K, 63% used [0x00000000c0000000,0x00000000d2950e28,0x00000000dd580000)
 Metaspace       used 92809K, committed 94080K, reserved 1179648K
  class space    used 9055K, committed 9600K, reserved 1048576K
}
Event: 440703.420 GC heap after
{Heap after GC invocations=2268 (full 69):
 PSYoungGen      total 248832K, used 41464K [0x00000000eab00000, 0x00000000ff480000, 0x0000000100000000)
  eden space 207360K, 0% used [0x00000000eab00000,0x00000000eab00000,0x00000000f7580000)
  from space 41472K, 99% used [0x00000000f8580000,0x00000000fadfe3f0,0x00000000fae00000)
  to   space 65024K, 0% used [0x00000000fb500000,0x00000000fb500000,0x00000000ff480000)
 ParOldGen       total 480768K, used 323843K [0x00000000c0000000, 0x00000000dd580000, 0x00000000eab00000)
  object space 480768K, 67% used [0x00000000c0000000,0x00000000d3c40e68,0x00000000dd580000)
 Metaspace       used 92809K, committed 94080K, reserved 1179648K
  class space    used 9055K, committed 9600K, reserved 1048576K
}
Event: 440705.009 GC heap before
{Heap before GC invocations=2269 (full 69):
 PSYoungGen      total 248832K, used 248824K [0x00000000eab00000, 0x00000000ff480000, 0x0000000100000000)
  eden space 207360K, 100% used [0x00000000eab00000,0x00000000f7580000,0x00000000f7580000)
  from space 41472K, 99% used [0x00000000f8580000,0x00000000fadfe3f0,0x00000000fae00000)
  to   space 65024K, 0% used [0x00000000fb500000,0x00000000fb500000,0x00000000ff480000)
 ParOldGen       total 480768K, used 323843K [0x00000000c0000000, 0x00000000dd580000, 0x00000000eab00000)
  object space 480768K, 67% used [0x00000000c0000000,0x00000000d3c40e68,0x00000000dd580000)
 Metaspace       used 92832K, committed 94144K, reserved 1179648K
  class space    used 9056K, committed 9600K, reserved 1048576K
}
Event: 440705.085 GC heap after
{Heap after GC invocations=2269 (full 69):
 PSYoungGen      total 240640K, used 38120K [0x00000000eab00000, 0x00000000fda80000, 0x0000000100000000)
  eden space 202240K, 0% used [0x00000000eab00000,0x00000000eab00000,0x00000000f7080000)
  from space 38400K, 99% used [0x00000000fb500000,0x00000000fda3a3a0,0x00000000fda80000)
  to   space 46592K, 0% used [0x00000000f7f80000,0x00000000f7f80000,0x00000000fad00000)
 ParOldGen       total 480768K, used 348084K [0x00000000c0000000, 0x00000000dd580000, 0x00000000eab00000)
  object space 480768K, 72% used [0x00000000c0000000,0x00000000d53ed158,0x00000000dd580000)
 Metaspace       used 92832K, committed 94144K, reserved 1179648K
  class space    used 9056K, committed 9600K, reserved 1048576K
}
Event: 440706.446 GC heap before
{Heap before GC invocations=2270 (full 69):
 PSYoungGen      total 240640K, used 240360K [0x00000000eab00000, 0x00000000fda80000, 0x0000000100000000)
  eden space 202240K, 100% used [0x00000000eab00000,0x00000000f7080000,0x00000000f7080000)
  from space 38400K, 99% used [0x00000000fb500000,0x00000000fda3a3a0,0x00000000fda80000)
  to   space 46592K, 0% used [0x00000000f7f80000,0x00000000f7f80000,0x00000000fad00000)
 ParOldGen       total 480768K, used 348084K [0x00000000c0000000, 0x00000000dd580000, 0x00000000eab00000)
  object space 480768K, 72% used [0x00000000c0000000,0x00000000d53ed158,0x00000000dd580000)
 Metaspace       used 92834K, committed 94144K, reserved 1179648K
  class space    used 9056K, committed 9600K, reserved 1048576K
}
Event: 440706.473 GC heap after
{Heap after GC invocations=2270 (full 69):
 PSYoungGen      total 238592K, used 40827K [0x00000000eab00000, 0x00000000fbe00000, 0x0000000100000000)
  eden space 197632K, 0% used [0x00000000eab00000,0x00000000eab00000,0x00000000f6c00000)
  from space 40960K, 99% used [0x00000000f7f80000,0x00000000fa75ee40,0x00000000fa780000)
  to   space 23040K, 0% used [0x00000000fa780000,0x00000000fa780000,0x00000000fbe00000)
 ParOldGen       total 480768K, used 348084K [0x00000000c0000000, 0x00000000dd580000, 0x00000000eab00000)
  object space 480768K, 72% used [0x00000000c0000000,0x00000000d53ed158,0x00000000dd580000)
 Metaspace       used 92834K, committed 94144K, reserved 1179648K
  class space    used 9056K, committed 9600K, reserved 1048576K
}
Event: 440706.750 GC heap before
{Heap before GC invocations=2271 (full 69):
 PSYoungGen      total 238592K, used 238459K [0x00000000eab00000, 0x00000000fbe00000, 0x0000000100000000)
  eden space 197632K, 100% used [0x00000000eab00000,0x00000000f6c00000,0x00000000f6c00000)
  from space 40960K, 99% used [0x00000000f7f80000,0x00000000fa75ee40,0x00000000fa780000)
  to   space 23040K, 0% used [0x00000000fa780000,0x00000000fa780000,0x00000000fbe00000)
 ParOldGen       total 480768K, used 348084K [0x00000000c0000000, 0x00000000dd580000, 0x00000000eab00000)
  object space 480768K, 72% used [0x00000000c0000000,0x00000000d53ed158,0x00000000dd580000)
 Metaspace       used 92834K, committed 94144K, reserved 1179648K
  class space    used 9056K, committed 9600K, reserved 1048576K
}
Event: 440706.787 GC heap after
{Heap after GC invocations=2271 (full 69):
 PSYoungGen      total 216064K, used 23030K [0x00000000eab00000, 0x00000000fda80000, 0x0000000100000000)
  eden space 193024K, 0% used [0x00000000eab00000,0x00000000eab00000,0x00000000f6780000)
  from space 23040K, 99% used [0x00000000fa780000,0x00000000fbdfd848,0x00000000fbe00000)
  to   space 58880K, 0% used [0x00000000f6780000,0x00000000f6780000,0x00000000fa100000)
 ParOldGen       total 480768K, used 381135K [0x00000000c0000000, 0x00000000dd580000, 0x00000000eab00000)
  object space 480768K, 79% used [0x00000000c0000000,0x00000000d7433f98,0x00000000dd580000)
 Metaspace       used 92834K, committed 94144K, reserved 1179648K
  class space    used 9056K, committed 9600K, reserved 1048576K
}
Event: 440707.065 GC heap before
{Heap before GC invocations=2272 (full 69):
 PSYoungGen      total 216064K, used 216054K [0x00000000eab00000, 0x00000000fda80000, 0x0000000100000000)
  eden space 193024K, 100% used [0x00000000eab00000,0x00000000f6780000,0x00000000f6780000)
  from space 23040K, 99% used [0x00000000fa780000,0x00000000fbdfd848,0x00000000fbe00000)
  to   space 58880K, 0% used [0x00000000f6780000,0x00000000f6780000,0x00000000fa100000)
 ParOldGen       total 480768K, used 381135K [0x00000000c0000000, 0x00000000dd580000, 0x00000000eab00000)
  object space 480768K, 79% used [0x00000000c0000000,0x00000000d7433f98,0x00000000dd580000)
 Metaspace       used 92834K, committed 94144K, reserved 1179648K
  class space    used 9056K, committed 9600K, reserved 1048576K
}
Event: 440707.097 GC heap after
{Heap after GC invocations=2272 (full 69):
 PSYoungGen      total 207360K, used 18589K [0x00000000eab00000, 0x00000000fa800000, 0x0000000100000000)
  eden space 188416K, 0% used [0x00000000eab00000,0x00000000eab00000,0x00000000f6300000)
  from space 18944K, 98% used [0x00000000f6780000,0x00000000f79a7570,0x00000000f7a00000)
  to   space 32768K, 0% used [0x00000000f8800000,0x00000000f8800000,0x00000000fa800000)
 ParOldGen       total 480768K, used 402388K [0x00000000c0000000, 0x00000000dd580000, 0x00000000eab00000)
  object space 480768K, 83% used [0x00000000c0000000,0x00000000d88f5058,0x00000000dd580000)
 Metaspace       used 92834K, committed 94144K, reserved 1179648K
  class space    used 9056K, committed 9600K, reserved 1048576K
}
Event: 440707.229 GC heap before
{Heap before GC invocations=2273 (full 69):
 PSYoungGen      total 207360K, used 207005K [0x00000000eab00000, 0x00000000fa800000, 0x0000000100000000)
  eden space 188416K, 100% used [0x00000000eab00000,0x00000000f6300000,0x00000000f6300000)
  from space 18944K, 98% used [0x00000000f6780000,0x00000000f79a7570,0x00000000f7a00000)
  to   space 32768K, 0% used [0x00000000f8800000,0x00000000f8800000,0x00000000fa800000)
 ParOldGen       total 480768K, used 402388K [0x00000000c0000000, 0x00000000dd580000, 0x00000000eab00000)
  object space 480768K, 83% used [0x00000000c0000000,0x00000000d88f5058,0x00000000dd580000)
 Metaspace       used 92834K, committed 94144K, reserved 1179648K
  class space    used 9056K, committed 9600K, reserved 1048576K
}
Event: 440707.245 GC heap after
{Heap after GC invocations=2273 (full 69):
 PSYoungGen      total 216064K, used 31617K [0x00000000eab00000, 0x00000000fa700000, 0x0000000100000000)
  eden space 184320K, 0% used [0x00000000eab00000,0x00000000eab00000,0x00000000f5f00000)
  from space 31744K, 99% used [0x00000000f8800000,0x00000000fa6e0720,0x00000000fa700000)
  to   space 34304K, 0% used [0x00000000f6400000,0x00000000f6400000,0x00000000f8580000)
 ParOldGen       total 480768K, used 402388K [0x00000000c0000000, 0x00000000dd580000, 0x00000000eab00000)
  object space 480768K, 83% used [0x00000000c0000000,0x00000000d88f5058,0x00000000dd580000)
 Metaspace       used 92834K, committed 94144K, reserved 1179648K
  class space    used 9056K, committed 9600K, reserved 1048576K
}
Event: 440707.451 GC heap before
{Heap before GC invocations=2274 (full 69):
 PSYoungGen      total 216064K, used 215937K [0x00000000eab00000, 0x00000000fa700000, 0x0000000100000000)
  eden space 184320K, 100% used [0x00000000eab00000,0x00000000f5f00000,0x00000000f5f00000)
  from space 31744K, 99% used [0x00000000f8800000,0x00000000fa6e0720,0x00000000fa700000)
  to   space 34304K, 0% used [0x00000000f6400000,0x00000000f6400000,0x00000000f8580000)
 ParOldGen       total 480768K, used 402388K [0x00000000c0000000, 0x00000000dd580000, 0x00000000eab00000)
  object space 480768K, 83% used [0x00000000c0000000,0x00000000d88f5058,0x00000000dd580000)
 Metaspace       used 92834K, committed 94144K, reserved 1179648K
  class space    used 9056K, committed 9600K, reserved 1048576K
}
Event: 440707.469 GC heap after
{Heap after GC invocations=2274 (full 69):
 PSYoungGen      total 200192K, used 19484K [0x00000000eab00000, 0x00000000f8a00000, 0x0000000100000000)
  eden space 180224K, 0% used [0x00000000eab00000,0x00000000eab00000,0x00000000f5b00000)
  from space 19968K, 97% used [0x00000000f6400000,0x00000000f77070a0,0x00000000f7780000)
  to   space 18944K, 0% used [0x00000000f7780000,0x00000000f7780000,0x00000000f8a00000)
 ParOldGen       total 480768K, used 402388K [0x00000000c0000000, 0x00000000dd580000, 0x00000000eab00000)
  object space 480768K, 83% used [0x00000000c0000000,0x00000000d88f5058,0x00000000dd580000)
 Metaspace       used 92834K, committed 94144K, reserved 1179648K
  class space    used 9056K, committed 9600K, reserved 1048576K
}

