# JRE version: Java(TM) SE Runtime Environment (8.0_111-b14) (build 1.8.0_111-b14)
# Java VM: Java HotSpot(TM) 64-Bit Server VM (25.111-b14 mixed mode windows-amd64 compressed oops)
Heap:
 PSYoungGen      total 404480K, used 258939K [0x00000000d6f00000, 0x00000000f1380000, 0x0000000100000000)
  eden space 380416K, 66% used [0x00000000d6f00000,0x00000000e64a2b48,0x00000000ee280000)
  from space 24064K, 30% used [0x00000000efc00000,0x00000000f033c358,0x00000000f1380000)
  to   space 25088K, 0% used [0x00000000ee280000,0x00000000ee280000,0x00000000efb00000)
 ParOldGen       total 136192K, used 100272K [0x0000000084c00000, 0x000000008d100000, 0x00000000d6f00000)
  object space 136192K, 73% used [0x0000000084c00000,0x000000008adec338,0x000000008d100000)
 Metaspace       used 28507K, capacity 29306K, committed 29568K, reserved 1075200K
  class space    used 3159K, capacity 3373K, committed 3456K, reserved 1048576K
GC Heap History (10 events):
Event: 42.209 GC heap before
{Heap before GC invocations=18 (full 1):
 PSYoungGen      total 278528K, used 268016K [0x00000000d6f00000, 0x00000000e9300000, 0x0000000100000000)
  eden space 262144K, 100% used [0x00000000d6f00000,0x00000000e6f00000,0x00000000e6f00000)
  from space 16384K, 35% used [0x00000000e8300000,0x00000000e88bc100,0x00000000e9300000)
  to   space 18432K, 0% used [0x00000000e6f00000,0x00000000e6f00000,0x00000000e8100000)
 ParOldGen       total 78848K, used 61501K [0x0000000084c00000, 0x0000000089900000, 0x00000000d6f00000)
  object space 78848K, 78% used [0x0000000084c00000,0x000000008880f610,0x0000000089900000)
 Metaspace       used 24059K, capacity 24780K, committed 25088K, reserved 1071104K
  class space    used 2802K, capacity 3000K, committed 3072K, reserved 1048576K
Event: 42.230 GC heap after
Heap after GC invocations=18 (full 1):
 PSYoungGen      total 280576K, used 10794K [0x00000000d6f00000, 0x00000000ed500000, 0x0000000100000000)
  eden space 262144K, 0% used [0x00000000d6f00000,0x00000000d6f00000,0x00000000e6f00000)
  from space 18432K, 58% used [0x00000000e6f00000,0x00000000e798aa60,0x00000000e8100000)
  to   space 18944K, 0% used [0x00000000ec280000,0x00000000ec280000,0x00000000ed500000)
 ParOldGen       total 78848K, used 67162K [0x0000000084c00000, 0x0000000089900000, 0x00000000d6f00000)
  object space 78848K, 85% used [0x0000000084c00000,0x0000000088d96870,0x0000000089900000)
 Metaspace       used 24059K, capacity 24780K, committed 25088K, reserved 1071104K
  class space    used 2802K, capacity 3000K, committed 3072K, reserved 1048576K
}
Event: 42.239 GC heap before
{Heap before GC invocations=19 (full 2):
 PSYoungGen      total 280576K, used 10794K [0x00000000d6f00000, 0x00000000ed500000, 0x0000000100000000)
  eden space 262144K, 0% used [0x00000000d6f00000,0x00000000d6f00000,0x00000000e6f00000)
  from space 18432K, 58% used [0x00000000e6f00000,0x00000000e798aa60,0x00000000e8100000)
  to   space 18944K, 0% used [0x00000000ec280000,0x00000000ec280000,0x00000000ed500000)
 ParOldGen       total 78848K, used 67162K [0x0000000084c00000, 0x0000000089900000, 0x00000000d6f00000)
  object space 78848K, 85% used [0x0000000084c00000,0x0000000088d96870,0x0000000089900000)
 Metaspace       used 24059K, capacity 24780K, committed 25088K, reserved 1071104K
  class space    used 2802K, capacity 3000K, committed 3072K, reserved 1048576K
Event: 42.669 GC heap after
Heap after GC invocations=19 (full 2):
 PSYoungGen      total 280576K, used 0K [0x00000000d6f00000, 0x00000000ed500000, 0x0000000100000000)
  eden space 262144K, 0% used [0x00000000d6f00000,0x00000000d6f00000,0x00000000e6f00000)
  from space 18432K, 0% used [0x00000000e6f00000,0x00000000e6f00000,0x00000000e8100000)
  to   space 18944K, 0% used [0x00000000ec280000,0x00000000ec280000,0x00000000ed500000)
 ParOldGen       total 136192K, used 69661K [0x0000000084c00000, 0x000000008d100000, 0x00000000d6f00000)
  object space 136192K, 51% used [0x0000000084c00000,0x0000000089007560,0x000000008d100000)
 Metaspace       used 24059K, capacity 24780K, committed 25088K, reserved 1071104K
  class space    used 2802K, capacity 3000K, committed 3072K, reserved 1048576K
}
Event: 44.453 GC heap before
{Heap before GC invocations=20 (full 2):
 PSYoungGen      total 280576K, used 262144K [0x00000000d6f00000, 0x00000000ed500000, 0x0000000100000000)
  eden space 262144K, 100% used [0x00000000d6f00000,0x00000000e6f00000,0x00000000e6f00000)
  from space 18432K, 0% used [0x00000000e6f00000,0x00000000e6f00000,0x00000000e8100000)
  to   space 18944K, 0% used [0x00000000ec280000,0x00000000ec280000,0x00000000ed500000)
 ParOldGen       total 136192K, used 69661K [0x0000000084c00000, 0x000000008d100000, 0x00000000d6f00000)
  object space 136192K, 51% used [0x0000000084c00000,0x0000000089007560,0x000000008d100000)
 Metaspace       used 24086K, capacity 24844K, committed 25088K, reserved 1071104K
  class space    used 2802K, capacity 3000K, committed 3072K, reserved 1048576K
Event: 44.470 GC heap after
Heap after GC invocations=20 (full 2):
 PSYoungGen      total 326144K, used 10155K [0x00000000d6f00000, 0x00000000ecc80000, 0x0000000100000000)
  eden space 315904K, 0% used [0x00000000d6f00000,0x00000000d6f00000,0x00000000ea380000)
  from space 10240K, 99% used [0x00000000ec280000,0x00000000ecc6ae50,0x00000000ecc80000)
  to   space 18944K, 0% used [0x00000000ea780000,0x00000000ea780000,0x00000000eba00000)
 ParOldGen       total 136192K, used 69661K [0x0000000084c00000, 0x000000008d100000, 0x00000000d6f00000)
  object space 136192K, 51% used [0x0000000084c00000,0x0000000089007560,0x000000008d100000)
 Metaspace       used 24086K, capacity 24844K, committed 25088K, reserved 1071104K
  class space    used 2802K, capacity 3000K, committed 3072K, reserved 1048576K
}
Event: 51.576 GC heap before
{Heap before GC invocations=21 (full 2):
 PSYoungGen      total 326144K, used 326059K [0x00000000d6f00000, 0x00000000ecc80000, 0x0000000100000000)
  eden space 315904K, 100% used [0x00000000d6f00000,0x00000000ea380000,0x00000000ea380000)
  from space 10240K, 99% used [0x00000000ec280000,0x00000000ecc6ae50,0x00000000ecc80000)
  to   space 18944K, 0% used [0x00000000ea780000,0x00000000ea780000,0x00000000eba00000)
 ParOldGen       total 136192K, used 69661K [0x0000000084c00000, 0x000000008d100000, 0x00000000d6f00000)
  object space 136192K, 51% used [0x0000000084c00000,0x0000000089007560,0x000000008d100000)
 Metaspace       used 25685K, capacity 26412K, committed 26752K, reserved 1073152K
  class space    used 2921K, capacity 3096K, committed 3200K, reserved 1048576K
Event: 51.686 GC heap after
Heap after GC invocations=21 (full 2):
 PSYoungGen      total 338944K, used 18915K [0x00000000d6f00000, 0x00000000f1580000, 0x0000000100000000)
  eden space 320000K, 0% used [0x00000000d6f00000,0x00000000d6f00000,0x00000000ea780000)
  from space 18944K, 99% used [0x00000000ea780000,0x00000000eb9f8d60,0x00000000eba00000)
  to   space 26112K, 0% used [0x00000000efc00000,0x00000000efc00000,0x00000000f1580000)
 ParOldGen       total 136192K, used 81608K [0x0000000084c00000, 0x000000008d100000, 0x00000000d6f00000)
  object space 136192K, 59% used [0x0000000084c00000,0x0000000089bb2260,0x000000008d100000)
 Metaspace       used 25685K, capacity 26412K, committed 26752K, reserved 1073152K
  class space    used 2921K, capacity 3096K, committed 3200K, reserved 1048576K
}
Event: 62.253 GC heap before
{Heap before GC invocations=22 (full 2):
 PSYoungGen      total 338944K, used 338915K [0x00000000d6f00000, 0x00000000f1580000, 0x0000000100000000)
  eden space 320000K, 100% used [0x00000000d6f00000,0x00000000ea780000,0x00000000ea780000)
  from space 18944K, 99% used [0x00000000ea780000,0x00000000eb9f8d60,0x00000000eba00000)
  to   space 26112K, 0% used [0x00000000efc00000,0x00000000efc00000,0x00000000f1580000)
 ParOldGen       total 136192K, used 81608K [0x0000000084c00000, 0x000000008d100000, 0x00000000d6f00000)
  object space 136192K, 59% used [0x0000000084c00000,0x0000000089bb2260,0x000000008d100000)
 Metaspace       used 26281K, capacity 27020K, committed 27264K, reserved 1073152K
  class space    used 2945K, capacity 3128K, committed 3200K, reserved 1048576K
Event: 62.333 GC heap after
Heap after GC invocations=22 (full 2):
 PSYoungGen      total 404480K, used 7408K [0x00000000d6f00000, 0x00000000f1380000, 0x0000000100000000)
  eden space 380416K, 0% used [0x00000000d6f00000,0x00000000d6f00000,0x00000000ee280000)
  from space 24064K, 30% used [0x00000000efc00000,0x00000000f033c358,0x00000000f1380000)
  to   space 25088K, 0% used [0x00000000ee280000,0x00000000ee280000,0x00000000efb00000)
 ParOldGen       total 136192K, used 100272K [0x0000000084c00000, 0x000000008d100000, 0x00000000d6f00000)
  object space 136192K, 73% used [0x0000000084c00000,0x000000008adec338,0x000000008d100000)
 Metaspace       used 26281K, capacity 27020K, committed 27264K, reserved 1073152K
  class space    used 2945K, capacity 3128K, committed 3200K, reserved 1048576K
}

