# JRE version: Java(TM) SE Runtime Environment (8.0_111-b14) (build 1.8.0_111-b14)
# Java VM: Java HotSpot(TM) 64-Bit Server VM (25.111-b14 mixed mode windows-amd64 compressed oops)
Heap:
 PSYoungGen      total 380416K, used 65394K [0x00000000d6f00000, 0x00000000ef900000, 0x0000000100000000)
  eden space 357376K, 11% used [0x00000000d6f00000,0x00000000d985e1c0,0x00000000ecc00000)
  from space 23040K, 99% used [0x00000000ecc00000,0x00000000ee27e760,0x00000000ee280000)
  to   space 19968K, 0% used [0x00000000ee580000,0x00000000ee580000,0x00000000ef900000)
 ParOldGen       total 131584K, used 88708K [0x0000000084c00000, 0x000000008cc80000, 0x00000000d6f00000)
  object space 131584K, 67% used [0x0000000084c00000,0x000000008a2a1368,0x000000008cc80000)
 Metaspace       used 26179K, capacity 26892K, committed 27008K, reserved 1073152K
  class space    used 2944K, capacity 3128K, committed 3200K, reserved 1048576K
GC Heap History (10 events):
Event: 16.628 GC heap before
{Heap before GC invocations=17 (full 1):
 PSYoungGen      total 228864K, used 215527K [0x00000000d6f00000, 0x00000000ebf00000, 0x0000000100000000)
  eden space 206848K, 100% used [0x00000000d6f00000,0x00000000e3900000,0x00000000e3900000)
  from space 22016K, 39% used [0x00000000e3900000,0x00000000e4179f28,0x00000000e4e80000)
  to   space 20992K, 0% used [0x00000000eaa80000,0x00000000eaa80000,0x00000000ebf00000)
 ParOldGen       total 76288K, used 55764K [0x0000000084c00000, 0x0000000089680000, 0x00000000d6f00000)
  object space 76288K, 73% used [0x0000000084c00000,0x0000000088275270,0x0000000089680000)
 Metaspace       used 23939K, capacity 24684K, committed 24832K, reserved 1071104K
  class space    used 2793K, capacity 2968K, committed 3072K, reserved 1048576K
Event: 16.643 GC heap after
Heap after GC invocations=17 (full 1):
 PSYoungGen      total 317952K, used 3248K [0x00000000d6f00000, 0x00000000ebc00000, 0x0000000100000000)
  eden space 300032K, 0% used [0x00000000d6f00000,0x00000000d6f00000,0x00000000e9400000)
  from space 17920K, 18% used [0x00000000eaa80000,0x00000000eadac070,0x00000000ebc00000)
  to   space 20480K, 0% used [0x00000000e9400000,0x00000000e9400000,0x00000000ea800000)
 ParOldGen       total 76288K, used 64141K [0x0000000084c00000, 0x0000000089680000, 0x00000000d6f00000)
  object space 76288K, 84% used [0x0000000084c00000,0x0000000088aa35b0,0x0000000089680000)
 Metaspace       used 23939K, capacity 24684K, committed 24832K, reserved 1071104K
  class space    used 2793K, capacity 2968K, committed 3072K, reserved 1048576K
}
Event: 16.643 GC heap before
{Heap before GC invocations=18 (full 2):
 PSYoungGen      total 317952K, used 3248K [0x00000000d6f00000, 0x00000000ebc00000, 0x0000000100000000)
  eden space 300032K, 0% used [0x00000000d6f00000,0x00000000d6f00000,0x00000000e9400000)
  from space 17920K, 18% used [0x00000000eaa80000,0x00000000eadac070,0x00000000ebc00000)
  to   space 20480K, 0% used [0x00000000e9400000,0x00000000e9400000,0x00000000ea800000)
 ParOldGen       total 76288K, used 64141K [0x0000000084c00000, 0x0000000089680000, 0x00000000d6f00000)
  object space 76288K, 84% used [0x0000000084c00000,0x0000000088aa35b0,0x0000000089680000)
 Metaspace       used 23939K, capacity 24684K, committed 24832K, reserved 1071104K
  class space    used 2793K, capacity 2968K, committed 3072K, reserved 1048576K
Event: 16.987 GC heap after
Heap after GC invocations=18 (full 2):
 PSYoungGen      total 317952K, used 0K [0x00000000d6f00000, 0x00000000ebc00000, 0x0000000100000000)
  eden space 300032K, 0% used [0x00000000d6f00000,0x00000000d6f00000,0x00000000e9400000)
  from space 17920K, 0% used [0x00000000eaa80000,0x00000000eaa80000,0x00000000ebc00000)
  to   space 20480K, 0% used [0x00000000e9400000,0x00000000e9400000,0x00000000ea800000)
 ParOldGen       total 131584K, used 65544K [0x0000000084c00000, 0x000000008cc80000, 0x00000000d6f00000)
  object space 131584K, 49% used [0x0000000084c00000,0x0000000088c020d0,0x000000008cc80000)
 Metaspace       used 23939K, capacity 24684K, committed 24832K, reserved 1071104K
  class space    used 2793K, capacity 2968K, committed 3072K, reserved 1048576K
}
Event: 18.049 GC heap before
{Heap before GC invocations=19 (full 2):
 PSYoungGen      total 317952K, used 300032K [0x00000000d6f00000, 0x00000000ebc00000, 0x0000000100000000)
  eden space 300032K, 100% used [0x00000000d6f00000,0x00000000e9400000,0x00000000e9400000)
  from space 17920K, 0% used [0x00000000eaa80000,0x00000000eaa80000,0x00000000ebc00000)
  to   space 20480K, 0% used [0x00000000e9400000,0x00000000e9400000,0x00000000ea800000)
 ParOldGen       total 131584K, used 65544K [0x0000000084c00000, 0x000000008cc80000, 0x00000000d6f00000)
  object space 131584K, 49% used [0x0000000084c00000,0x0000000088c020d0,0x000000008cc80000)
 Metaspace       used 24045K, capacity 24844K, committed 25088K, reserved 1071104K
  class space    used 2800K, capacity 3000K, committed 3072K, reserved 1048576K
Event: 18.068 GC heap after
Heap after GC invocations=19 (full 2):
 PSYoungGen      total 320512K, used 20464K [0x00000000d6f00000, 0x00000000efd00000, 0x0000000100000000)
  eden space 300032K, 0% used [0x00000000d6f00000,0x00000000d6f00000,0x00000000e9400000)
  from space 20480K, 99% used [0x00000000e9400000,0x00000000ea7fc318,0x00000000ea800000)
  to   space 24064K, 0% used [0x00000000ee580000,0x00000000ee580000,0x00000000efd00000)
 ParOldGen       total 131584K, used 65800K [0x0000000084c00000, 0x000000008cc80000, 0x00000000d6f00000)
  object space 131584K, 50% used [0x0000000084c00000,0x0000000088c420d0,0x000000008cc80000)
 Metaspace       used 24045K, capacity 24844K, committed 25088K, reserved 1071104K
  class space    used 2800K, capacity 3000K, committed 3072K, reserved 1048576K
}
Event: 18.848 GC heap before
{Heap before GC invocations=20 (full 2):
 PSYoungGen      total 320512K, used 320496K [0x00000000d6f00000, 0x00000000efd00000, 0x0000000100000000)
  eden space 300032K, 100% used [0x00000000d6f00000,0x00000000e9400000,0x00000000e9400000)
  from space 20480K, 99% used [0x00000000e9400000,0x00000000ea7fc318,0x00000000ea800000)
  to   space 24064K, 0% used [0x00000000ee580000,0x00000000ee580000,0x00000000efd00000)
 ParOldGen       total 131584K, used 65800K [0x0000000084c00000, 0x000000008cc80000, 0x00000000d6f00000)
  object space 131584K, 50% used [0x0000000084c00000,0x0000000088c420d0,0x000000008cc80000)
 Metaspace       used 24070K, capacity 24844K, committed 25088K, reserved 1071104K
  class space    used 2801K, capacity 3000K, committed 3072K, reserved 1048576K
Event: 18.865 GC heap after
Heap after GC invocations=20 (full 2):
 PSYoungGen      total 377344K, used 4914K [0x00000000d6f00000, 0x00000000ef900000, 0x0000000100000000)
  eden space 357376K, 0% used [0x00000000d6f00000,0x00000000d6f00000,0x00000000ecc00000)
  from space 19968K, 24% used [0x00000000ee580000,0x00000000eea4c838,0x00000000ef900000)
  to   space 23040K, 0% used [0x00000000ecc00000,0x00000000ecc00000,0x00000000ee280000)
 ParOldGen       total 131584K, used 85327K [0x0000000084c00000, 0x000000008cc80000, 0x00000000d6f00000)
  object space 131584K, 64% used [0x0000000084c00000,0x0000000089f53f78,0x000000008cc80000)
 Metaspace       used 24070K, capacity 24844K, committed 25088K, reserved 1071104K
  class space    used 2801K, capacity 3000K, committed 3072K, reserved 1048576K
}
Event: 24.190 GC heap before
{Heap before GC invocations=21 (full 2):
 PSYoungGen      total 377344K, used 362290K [0x00000000d6f00000, 0x00000000ef900000, 0x0000000100000000)
  eden space 357376K, 100% used [0x00000000d6f00000,0x00000000ecc00000,0x00000000ecc00000)
  from space 19968K, 24% used [0x00000000ee580000,0x00000000eea4c838,0x00000000ef900000)
  to   space 23040K, 0% used [0x00000000ecc00000,0x00000000ecc00000,0x00000000ee280000)
 ParOldGen       total 131584K, used 85327K [0x0000000084c00000, 0x000000008cc80000, 0x00000000d6f00000)
  object space 131584K, 64% used [0x0000000084c00000,0x0000000089f53f78,0x000000008cc80000)
 Metaspace       used 26173K, capacity 26892K, committed 27008K, reserved 1073152K
  class space    used 2944K, capacity 3128K, committed 3200K, reserved 1048576K
Event: 24.310 GC heap after
Heap after GC invocations=21 (full 2):
 PSYoungGen      total 380416K, used 23033K [0x00000000d6f00000, 0x00000000ef900000, 0x0000000100000000)
  eden space 357376K, 0% used [0x00000000d6f00000,0x00000000d6f00000,0x00000000ecc00000)
  from space 23040K, 99% used [0x00000000ecc00000,0x00000000ee27e760,0x00000000ee280000)
  to   space 19968K, 0% used [0x00000000ee580000,0x00000000ee580000,0x00000000ef900000)
 ParOldGen       total 131584K, used 88708K [0x0000000084c00000, 0x000000008cc80000, 0x00000000d6f00000)
  object space 131584K, 67% used [0x0000000084c00000,0x000000008a2a1368,0x000000008cc80000)
 Metaspace       used 26173K, capacity 26892K, committed 27008K, reserved 1073152K
  class space    used 2944K, capacity 3128K, committed 3200K, reserved 1048576K
}

