# JRE version: Java(TM) SE Runtime Environment (8.0_111-b14) (build 1.8.0_111-b14)
# Java VM: Java HotSpot(TM) 64-Bit Server VM (25.111-b14 mixed mode windows-amd64 compressed oops)
Heap:
 PSYoungGen      total 499200K, used 64247K [0x00000000d6f00000, 0x00000000f7c00000, 0x0000000100000000)
  eden space 481280K, 9% used [0x00000000d6f00000,0x00000000d9db65e0,0x00000000f4500000)
  from space 17920K, 91% used [0x00000000f6a80000,0x00000000f7a87800,0x00000000f7c00000)
  to   space 28160K, 0% used [0x00000000f4500000,0x00000000f4500000,0x00000000f6080000)
 ParOldGen       total 165888K, used 88809K [0x0000000084c00000, 0x000000008ee00000, 0x00000000d6f00000)
  object space 165888K, 53% used [0x0000000084c00000,0x000000008a2ba778,0x000000008ee00000)
 Metaspace       used 26205K, capacity 26956K, committed 27264K, reserved 1073152K
  class space    used 2943K, capacity 3128K, committed 3200K, reserved 1048576K
GC Heap History (10 events):
Event: 13.357 GC heap before
{Heap before GC invocations=12 (full 1):
 PSYoungGen      total 317952K, used 294999K [0x00000000d6f00000, 0x00000000eed00000, 0x0000000100000000)
  eden space 289280K, 100% used [0x00000000d6f00000,0x00000000e8980000,0x00000000e8980000)
  from space 28672K, 19% used [0x00000000ea500000,0x00000000eaa95e98,0x00000000ec100000)
  to   space 28160K, 0% used [0x00000000e8980000,0x00000000e8980000,0x00000000ea500000)
 ParOldGen       total 87552K, used 55716K [0x0000000084c00000, 0x000000008a180000, 0x00000000d6f00000)
  object space 87552K, 63% used [0x0000000084c00000,0x0000000088269148,0x000000008a180000)
 Metaspace       used 23911K, capacity 24684K, committed 24832K, reserved 1071104K
  class space    used 2792K, capacity 2968K, committed 3072K, reserved 1048576K
Event: 13.375 GC heap after
Heap after GC invocations=12 (full 1):
 PSYoungGen      total 317440K, used 7776K [0x00000000d6f00000, 0x00000000f1f80000, 0x0000000100000000)
  eden space 289280K, 0% used [0x00000000d6f00000,0x00000000d6f00000,0x00000000e8980000)
  from space 28160K, 27% used [0x00000000e8980000,0x00000000e9118170,0x00000000ea500000)
  to   space 27648K, 0% used [0x00000000f0480000,0x00000000f0480000,0x00000000f1f80000)
 ParOldGen       total 87552K, used 60908K [0x0000000084c00000, 0x000000008a180000, 0x00000000d6f00000)
  object space 87552K, 69% used [0x0000000084c00000,0x000000008877b2e8,0x000000008a180000)
 Metaspace       used 23911K, capacity 24684K, committed 24832K, reserved 1071104K
  class space    used 2792K, capacity 2968K, committed 3072K, reserved 1048576K
}
Event: 14.170 GC heap before
{Heap before GC invocations=13 (full 1):
 PSYoungGen      total 317440K, used 297056K [0x00000000d6f00000, 0x00000000f1f80000, 0x0000000100000000)
  eden space 289280K, 100% used [0x00000000d6f00000,0x00000000e8980000,0x00000000e8980000)
  from space 28160K, 27% used [0x00000000e8980000,0x00000000e9118170,0x00000000ea500000)
  to   space 27648K, 0% used [0x00000000f0480000,0x00000000f0480000,0x00000000f1f80000)
 ParOldGen       total 87552K, used 60908K [0x0000000084c00000, 0x000000008a180000, 0x00000000d6f00000)
  object space 87552K, 69% used [0x0000000084c00000,0x000000008877b2e8,0x000000008a180000)
 Metaspace       used 24009K, capacity 24780K, committed 25088K, reserved 1071104K
  class space    used 2799K, capacity 3000K, committed 3072K, reserved 1048576K
Event: 14.181 GC heap after
Heap after GC invocations=13 (full 1):
 PSYoungGen      total 397824K, used 10470K [0x00000000d6f00000, 0x00000000f1580000, 0x0000000100000000)
  eden space 380416K, 0% used [0x00000000d6f00000,0x00000000d6f00000,0x00000000ee280000)
  from space 17408K, 60% used [0x00000000f0480000,0x00000000f0eb9b18,0x00000000f1580000)
  to   space 26112K, 0% used [0x00000000ee280000,0x00000000ee280000,0x00000000efc00000)
 ParOldGen       total 87552K, used 68261K [0x0000000084c00000, 0x000000008a180000, 0x00000000d6f00000)
  object space 87552K, 77% used [0x0000000084c00000,0x0000000088ea9628,0x000000008a180000)
 Metaspace       used 24009K, capacity 24780K, committed 25088K, reserved 1071104K
  class space    used 2799K, capacity 3000K, committed 3072K, reserved 1048576K
}
Event: 15.508 GC heap before
{Heap before GC invocations=14 (full 1):
 PSYoungGen      total 397824K, used 390886K [0x00000000d6f00000, 0x00000000f1580000, 0x0000000100000000)
  eden space 380416K, 100% used [0x00000000d6f00000,0x00000000ee280000,0x00000000ee280000)
  from space 17408K, 60% used [0x00000000f0480000,0x00000000f0eb9b18,0x00000000f1580000)
  to   space 26112K, 0% used [0x00000000ee280000,0x00000000ee280000,0x00000000efc00000)
 ParOldGen       total 87552K, used 68261K [0x0000000084c00000, 0x000000008a180000, 0x00000000d6f00000)
  object space 87552K, 77% used [0x0000000084c00000,0x0000000088ea9628,0x000000008a180000)
 Metaspace       used 24058K, capacity 24844K, committed 25088K, reserved 1071104K
  class space    used 2799K, capacity 3000K, committed 3072K, reserved 1048576K
Event: 15.525 GC heap after
Heap after GC invocations=14 (full 1):
 PSYoungGen      total 406528K, used 20684K [0x00000000d6f00000, 0x00000000f8600000, 0x0000000100000000)
  eden space 380416K, 0% used [0x00000000d6f00000,0x00000000d6f00000,0x00000000ee280000)
  from space 26112K, 79% used [0x00000000ee280000,0x00000000ef6b3200,0x00000000efc00000)
  to   space 28160K, 0% used [0x00000000f6a80000,0x00000000f6a80000,0x00000000f8600000)
 ParOldGen       total 87552K, used 77976K [0x0000000084c00000, 0x000000008a180000, 0x00000000d6f00000)
  object space 87552K, 89% used [0x0000000084c00000,0x00000000898260d0,0x000000008a180000)
 Metaspace       used 24058K, capacity 24844K, committed 25088K, reserved 1071104K
  class space    used 2799K, capacity 3000K, committed 3072K, reserved 1048576K
}
Event: 15.525 GC heap before
{Heap before GC invocations=15 (full 2):
 PSYoungGen      total 406528K, used 20684K [0x00000000d6f00000, 0x00000000f8600000, 0x0000000100000000)
  eden space 380416K, 0% used [0x00000000d6f00000,0x00000000d6f00000,0x00000000ee280000)
  from space 26112K, 79% used [0x00000000ee280000,0x00000000ef6b3200,0x00000000efc00000)
  to   space 28160K, 0% used [0x00000000f6a80000,0x00000000f6a80000,0x00000000f8600000)
 ParOldGen       total 87552K, used 77976K [0x0000000084c00000, 0x000000008a180000, 0x00000000d6f00000)
  object space 87552K, 89% used [0x0000000084c00000,0x00000000898260d0,0x000000008a180000)
 Metaspace       used 24058K, capacity 24844K, committed 25088K, reserved 1071104K
  class space    used 2799K, capacity 3000K, committed 3072K, reserved 1048576K
Event: 15.794 GC heap after
Heap after GC invocations=15 (full 2):
 PSYoungGen      total 406528K, used 1669K [0x00000000d6f00000, 0x00000000f8600000, 0x0000000100000000)
  eden space 380416K, 0% used [0x00000000d6f00000,0x00000000d6f00000,0x00000000ee280000)
  from space 26112K, 6% used [0x00000000ee280000,0x00000000ee421618,0x00000000efc00000)
  to   space 28160K, 0% used [0x00000000f6a80000,0x00000000f6a80000,0x00000000f8600000)
 ParOldGen       total 165888K, used 87033K [0x0000000084c00000, 0x000000008ee00000, 0x00000000d6f00000)
  object space 165888K, 52% used [0x0000000084c00000,0x000000008a0fe738,0x000000008ee00000)
 Metaspace       used 24058K, capacity 24844K, committed 25088K, reserved 1071104K
  class space    used 2799K, capacity 3000K, committed 3072K, reserved 1048576K
}
Event: 20.362 GC heap before
{Heap before GC invocations=16 (full 2):
 PSYoungGen      total 406528K, used 382085K [0x00000000d6f00000, 0x00000000f8600000, 0x0000000100000000)
  eden space 380416K, 100% used [0x00000000d6f00000,0x00000000ee280000,0x00000000ee280000)
  from space 26112K, 6% used [0x00000000ee280000,0x00000000ee421618,0x00000000efc00000)
  to   space 28160K, 0% used [0x00000000f6a80000,0x00000000f6a80000,0x00000000f8600000)
 ParOldGen       total 165888K, used 87033K [0x0000000084c00000, 0x000000008ee00000, 0x00000000d6f00000)
  object space 165888K, 52% used [0x0000000084c00000,0x000000008a0fe738,0x000000008ee00000)
 Metaspace       used 26182K, capacity 26956K, committed 27264K, reserved 1073152K
  class space    used 2943K, capacity 3128K, committed 3200K, reserved 1048576K
Event: 20.394 GC heap after
Heap after GC invocations=16 (full 2):
 PSYoungGen      total 499200K, used 16414K [0x00000000d6f00000, 0x00000000f7c00000, 0x0000000100000000)
  eden space 481280K, 0% used [0x00000000d6f00000,0x00000000d6f00000,0x00000000f4500000)
  from space 17920K, 91% used [0x00000000f6a80000,0x00000000f7a87800,0x00000000f7c00000)
  to   space 28160K, 0% used [0x00000000f4500000,0x00000000f4500000,0x00000000f6080000)
 ParOldGen       total 165888K, used 88809K [0x0000000084c00000, 0x000000008ee00000, 0x00000000d6f00000)
  object space 165888K, 53% used [0x0000000084c00000,0x000000008a2ba778,0x000000008ee00000)
 Metaspace       used 26182K, capacity 26956K, committed 27264K, reserved 1073152K
  class space    used 2943K, capacity 3128K, committed 3200K, reserved 1048576K
}

