# JRE version: Java(TM) SE Runtime Environment (8.0_111-b14) (build 1.8.0_111-b14)
# Java VM: Java HotSpot(TM) 64-Bit Server VM (25.111-b14 mixed mode windows-amd64 compressed oops)
Heap:
 PSYoungGen      total 242688K, used 108852K [0x00000000d6f00000, 0x00000000e7c00000, 0x0000000100000000)
  eden space 220160K, 47% used [0x00000000d6f00000,0x00000000dd5df1c8,0x00000000e4600000)
  from space 22528K, 15% used [0x00000000e6600000,0x00000000e696de58,0x00000000e7c00000)
  to   space 27648K, 0% used [0x00000000e4600000,0x00000000e4600000,0x00000000e6100000)
 ParOldGen       total 83456K, used 56409K [0x0000000084c00000, 0x0000000089d80000, 0x00000000d6f00000)
  object space 83456K, 67% used [0x0000000084c00000,0x0000000088316438,0x0000000089d80000)
 Metaspace       used 23939K, capacity 24684K, committed 24832K, reserved 1071104K
  class space    used 2793K, capacity 2968K, committed 3072K, reserved 1048576K
GC Heap History (10 events):
Event: 8.333 GC heap before
{Heap before GC invocations=9 (full 1):
 PSYoungGen      total 128512K, used 13290K [0x00000000d6f00000, 0x00000000e1000000, 0x0000000100000000)
  eden space 115200K, 0% used [0x00000000d6f00000,0x00000000d6f00000,0x00000000ddf80000)
  from space 13312K, 99% used [0x00000000df400000,0x00000000e00fab50,0x00000000e0100000)
  to   space 20992K, 0% used [0x00000000ddf80000,0x00000000ddf80000,0x00000000df400000)
 ParOldGen       total 84992K, used 27699K [0x0000000084c00000, 0x0000000089f00000, 0x00000000d6f00000)
  object space 84992K, 32% used [0x0000000084c00000,0x000000008670cfd8,0x0000000089f00000)
 Metaspace       used 20563K, capacity 21160K, committed 21296K, reserved 1069056K
  class space    used 2499K, capacity 2661K, committed 2688K, reserved 1048576K
Event: 8.504 GC heap after
Heap after GC invocations=9 (full 1):
 PSYoungGen      total 128512K, used 0K [0x00000000d6f00000, 0x00000000e1000000, 0x0000000100000000)
  eden space 115200K, 0% used [0x00000000d6f00000,0x00000000d6f00000,0x00000000ddf80000)
  from space 13312K, 0% used [0x00000000df400000,0x00000000df400000,0x00000000e0100000)
  to   space 20992K, 0% used [0x00000000ddf80000,0x00000000ddf80000,0x00000000df400000)
 ParOldGen       total 83456K, used 33170K [0x0000000084c00000, 0x0000000089d80000, 0x00000000d6f00000)
  object space 83456K, 39% used [0x0000000084c00000,0x0000000086c64980,0x0000000089d80000)
 Metaspace       used 20563K, capacity 21160K, committed 21296K, reserved 1069056K
  class space    used 2499K, capacity 2661K, committed 2688K, reserved 1048576K
}
Event: 11.707 GC heap before
{Heap before GC invocations=10 (full 1):
 PSYoungGen      total 128512K, used 115200K [0x00000000d6f00000, 0x00000000e1000000, 0x0000000100000000)
  eden space 115200K, 100% used [0x00000000d6f00000,0x00000000ddf80000,0x00000000ddf80000)
  from space 13312K, 0% used [0x00000000df400000,0x00000000df400000,0x00000000e0100000)
  to   space 20992K, 0% used [0x00000000ddf80000,0x00000000ddf80000,0x00000000df400000)
 ParOldGen       total 83456K, used 33170K [0x0000000084c00000, 0x0000000089d80000, 0x00000000d6f00000)
  object space 83456K, 39% used [0x0000000084c00000,0x0000000086c64980,0x0000000089d80000)
 Metaspace       used 22577K, capacity 23214K, committed 23424K, reserved 1069056K
  class space    used 2667K, capacity 2835K, committed 2944K, reserved 1048576K
Event: 11.723 GC heap after
Heap after GC invocations=10 (full 1):
 PSYoungGen      total 136192K, used 20975K [0x00000000d6f00000, 0x00000000e3d80000, 0x0000000100000000)
  eden space 115200K, 0% used [0x00000000d6f00000,0x00000000d6f00000,0x00000000ddf80000)
  from space 20992K, 99% used [0x00000000ddf80000,0x00000000df3fbcd8,0x00000000df400000)
  to   space 24576K, 0% used [0x00000000e2580000,0x00000000e2580000,0x00000000e3d80000)
 ParOldGen       total 83456K, used 34163K [0x0000000084c00000, 0x0000000089d80000, 0x00000000d6f00000)
  object space 83456K, 40% used [0x0000000084c00000,0x0000000086d5ce60,0x0000000089d80000)
 Metaspace       used 22577K, capacity 23214K, committed 23424K, reserved 1069056K
  class space    used 2667K, capacity 2835K, committed 2944K, reserved 1048576K
}
Event: 12.163 GC heap before
{Heap before GC invocations=11 (full 1):
 PSYoungGen      total 136192K, used 136175K [0x00000000d6f00000, 0x00000000e3d80000, 0x0000000100000000)
  eden space 115200K, 100% used [0x00000000d6f00000,0x00000000ddf80000,0x00000000ddf80000)
  from space 20992K, 99% used [0x00000000ddf80000,0x00000000df3fbcd8,0x00000000df400000)
  to   space 24576K, 0% used [0x00000000e2580000,0x00000000e2580000,0x00000000e3d80000)
 ParOldGen       total 83456K, used 34163K [0x0000000084c00000, 0x0000000089d80000, 0x00000000d6f00000)
  object space 83456K, 40% used [0x0000000084c00000,0x0000000086d5ce60,0x0000000089d80000)
 Metaspace       used 23263K, capacity 23936K, committed 24192K, reserved 1071104K
  class space    used 2731K, capacity 2902K, committed 2944K, reserved 1048576K
Event: 12.185 GC heap after
Heap after GC invocations=11 (full 1):
 PSYoungGen      total 184320K, used 22757K [0x00000000d6f00000, 0x00000000e4300000, 0x0000000100000000)
  eden space 159744K, 0% used [0x00000000d6f00000,0x00000000d6f00000,0x00000000e0b00000)
  from space 24576K, 92% used [0x00000000e2580000,0x00000000e3bb9690,0x00000000e3d80000)
  to   space 27136K, 0% used [0x00000000e0b00000,0x00000000e0b00000,0x00000000e2580000)
 ParOldGen       total 83456K, used 34171K [0x0000000084c00000, 0x0000000089d80000, 0x00000000d6f00000)
  object space 83456K, 40% used [0x0000000084c00000,0x0000000086d5ee60,0x0000000089d80000)
 Metaspace       used 23263K, capacity 23936K, committed 24192K, reserved 1071104K
  class space    used 2731K, capacity 2902K, committed 2944K, reserved 1048576K
}
Event: 12.981 GC heap before
{Heap before GC invocations=12 (full 1):
 PSYoungGen      total 184320K, used 182501K [0x00000000d6f00000, 0x00000000e4300000, 0x0000000100000000)
  eden space 159744K, 100% used [0x00000000d6f00000,0x00000000e0b00000,0x00000000e0b00000)
  from space 24576K, 92% used [0x00000000e2580000,0x00000000e3bb9690,0x00000000e3d80000)
  to   space 27136K, 0% used [0x00000000e0b00000,0x00000000e0b00000,0x00000000e2580000)
 ParOldGen       total 83456K, used 34171K [0x0000000084c00000, 0x0000000089d80000, 0x00000000d6f00000)
  object space 83456K, 40% used [0x0000000084c00000,0x0000000086d5ee60,0x0000000089d80000)
 Metaspace       used 23267K, capacity 23936K, committed 24192K, reserved 1071104K
  class space    used 2732K, capacity 2902K, committed 2944K, reserved 1048576K
Event: 13.011 GC heap after
Heap after GC invocations=12 (full 1):
 PSYoungGen      total 186880K, used 96K [0x00000000d6f00000, 0x00000000e8180000, 0x0000000100000000)
  eden space 159744K, 0% used [0x00000000d6f00000,0x00000000d6f00000,0x00000000e0b00000)
  from space 27136K, 0% used [0x00000000e0b00000,0x00000000e0b18000,0x00000000e2580000)
  to   space 28160K, 0% used [0x00000000e6600000,0x00000000e6600000,0x00000000e8180000)
 ParOldGen       total 83456K, used 56385K [0x0000000084c00000, 0x0000000089d80000, 0x00000000d6f00000)
  object space 83456K, 67% used [0x0000000084c00000,0x0000000088310438,0x0000000089d80000)
 Metaspace       used 23267K, capacity 23936K, committed 24192K, reserved 1071104K
  class space    used 2732K, capacity 2902K, committed 2944K, reserved 1048576K
}
Event: 14.004 GC heap before
{Heap before GC invocations=13 (full 1):
 PSYoungGen      total 186880K, used 159840K [0x00000000d6f00000, 0x00000000e8180000, 0x0000000100000000)
  eden space 159744K, 100% used [0x00000000d6f00000,0x00000000e0b00000,0x00000000e0b00000)
  from space 27136K, 0% used [0x00000000e0b00000,0x00000000e0b18000,0x00000000e2580000)
  to   space 28160K, 0% used [0x00000000e6600000,0x00000000e6600000,0x00000000e8180000)
 ParOldGen       total 83456K, used 56385K [0x0000000084c00000, 0x0000000089d80000, 0x00000000d6f00000)
  object space 83456K, 67% used [0x0000000084c00000,0x0000000088310438,0x0000000089d80000)
 Metaspace       used 23866K, capacity 24602K, committed 24832K, reserved 1071104K
  class space    used 2791K, capacity 2965K, committed 3072K, reserved 1048576K
Event: 14.015 GC heap after
Heap after GC invocations=13 (full 1):
 PSYoungGen      total 242688K, used 3511K [0x00000000d6f00000, 0x00000000e7c00000, 0x0000000100000000)
  eden space 220160K, 0% used [0x00000000d6f00000,0x00000000d6f00000,0x00000000e4600000)
  from space 22528K, 15% used [0x00000000e6600000,0x00000000e696de58,0x00000000e7c00000)
  to   space 27648K, 0% used [0x00000000e4600000,0x00000000e4600000,0x00000000e6100000)
 ParOldGen       total 83456K, used 56409K [0x0000000084c00000, 0x0000000089d80000, 0x00000000d6f00000)
  object space 83456K, 67% used [0x0000000084c00000,0x0000000088316438,0x0000000089d80000)
 Metaspace       used 23866K, capacity 24602K, committed 24832K, reserved 1071104K
  class space    used 2791K, capacity 2965K, committed 3072K, reserved 1048576K
}

